[    21.770] (--) Log file renamed from "/home/yusuf/.local/share/xorg/Xorg.pid-1071.log" to "/home/yusuf/.local/share/xorg/Xorg.0.log"
[    21.781] 
X.Org X Server 1.20.5
X Protocol Version 11, Revision 0
[    21.781] Build Operating System: Linux 4.4.0-170-generic x86_64 Ubuntu
[    21.781] Current Operating System: Linux yusuf- 5.3.0-26-generic #28~18.04.1-Ubuntu SMP Wed Dec 18 16:40:14 UTC 2019 x86_64
[    21.781] Kernel command line: BOOT_IMAGE=/boot/vmlinuz-5.3.0-26-generic root=UUID=efdb1fc7-84a5-43c9-aef3-dad90361b391 ro quiet splash vt.handoff=1
[    21.781] Build Date: 18 December 2019  08:15:29AM
[    21.781] xorg-server-hwe-18.04 2:1.20.5+git20191008-0ubuntu1~18.04.1 (For technical support please see http://www.ubuntu.com/support) 
[    21.781] Current version of pixman: 0.34.0
[    21.781] 	Before reporting problems, check http://wiki.x.org
	to make sure that you have the latest version.
[    21.781] Markers: (--) probed, (**) from config file, (==) default setting,
	(++) from command line, (!!) notice, (II) informational,
	(WW) warning, (EE) error, (NI) not implemented, (??) unknown.
[    21.781] (==) Log file: "/home/yusuf/.local/share/xorg/Xorg.0.log", Time: Fri Jan 31 14:11:03 2020
[    21.802] (==) Using system config directory "/usr/share/X11/xorg.conf.d"
[    21.826] (==) No Layout section.  Using the first Screen section.
[    21.826] (==) No screen section available. Using defaults.
[    21.826] (**) |-->Screen "Default Screen Section" (0)
[    21.826] (**) |   |-->Monitor "<default monitor>"
[    21.838] (==) No monitor specified for screen "Default Screen Section".
	Using a default monitor configuration.
[    21.838] (==) Automatically adding devices
[    21.838] (==) Automatically enabling devices
[    21.838] (==) Automatically adding GPU devices
[    21.838] (==) Automatically binding GPU devices
[    21.838] (==) Max clients allowed: 256, resource mask: 0x1fffff
[    21.838] (WW) The directory "/usr/share/fonts/X11/cyrillic" does not exist.
[    21.838] 	Entry deleted from font path.
[    21.839] (WW) The directory "/usr/share/fonts/X11/100dpi/" does not exist.
[    21.839] 	Entry deleted from font path.
[    21.839] (WW) The directory "/usr/share/fonts/X11/75dpi/" does not exist.
[    21.839] 	Entry deleted from font path.
[    21.839] (WW) The directory "/usr/share/fonts/X11/100dpi" does not exist.
[    21.839] 	Entry deleted from font path.
[    21.839] (WW) The directory "/usr/share/fonts/X11/75dpi" does not exist.
[    21.839] 	Entry deleted from font path.
[    21.839] (==) FontPath set to:
	/usr/share/fonts/X11/misc,
	/usr/share/fonts/X11/Type1,
	built-ins
[    21.839] (==) ModulePath set to "/usr/lib/xorg/modules"
[    21.839] (II) The server relies on udev to provide the list of input devices.
	If no devices become available, reconfigure udev or disable AutoAddDevices.
[    21.839] (II) Loader magic: 0x560930a81020
[    21.839] (II) Module ABI versions:
[    21.839] 	X.Org ANSI C Emulation: 0.4
[    21.839] 	X.Org Video Driver: 24.0
[    21.839] 	X.Org XInput driver : 24.1
[    21.839] 	X.Org Server Extension : 10.0
[    21.841] (++) using VT number 1

[    21.845] (II) systemd-logind: took control of session /org/freedesktop/login1/session/_31
[    21.847] (II) xfree86: Adding drm device (/dev/dri/card0)
[    21.849] (II) systemd-logind: got fd for /dev/dri/card0 226:0 fd 12 paused 0
[    21.849] (II) xfree86: Adding drm device (/dev/dri/card1)
[    21.851] (II) systemd-logind: got fd for /dev/dri/card1 226:1 fd 13 paused 0
[    21.858] (--) PCI:*(0@0:2:0) 8086:191b:1028:0706 rev 6, Mem @ 0xdd000000/16777216, 0xb0000000/268435456, I/O @ 0x0000f000/64, BIOS @ 0x????????/131072
[    21.858] (--) PCI: (2@0:0:0) 10de:139b:1028:0706 rev 162, Mem @ 0xde000000/16777216, 0xc0000000/268435456, 0xd0000000/33554432, I/O @ 0x0000e000/128, BIOS @ 0x????????/524288
[    21.858] (II) LoadModule: "glx"
[    21.859] (II) Loading /usr/lib/xorg/modules/extensions/libglx.so
[    21.909] (II) Module glx: vendor="X.Org Foundation"
[    21.909] 	compiled for 1.20.5, module version = 1.0.0
[    21.909] 	ABI class: X.Org Server Extension, version 10.0
[    21.971] (==) Matched modesetting as autoconfigured driver 0
[    21.971] (==) Matched fbdev as autoconfigured driver 1
[    21.971] (==) Matched vesa as autoconfigured driver 2
[    21.971] (==) Assigned the driver to the xf86ConfigLayout
[    21.971] (II) LoadModule: "modesetting"
[    21.982] (II) Loading /usr/lib/xorg/modules/drivers/modesetting_drv.so
[    21.991] (II) Module modesetting: vendor="X.Org Foundation"
[    21.991] 	compiled for 1.20.5, module version = 1.20.5
[    21.991] 	Module class: X.Org Video Driver
[    21.991] 	ABI class: X.Org Video Driver, version 24.0
[    21.991] (II) LoadModule: "fbdev"
[    21.992] (II) Loading /usr/lib/xorg/modules/drivers/fbdev_drv.so
[    21.998] (II) Module fbdev: vendor="X.Org Foundation"
[    21.998] 	compiled for 1.20.1, module version = 0.5.0
[    21.998] 	Module class: X.Org Video Driver
[    21.998] 	ABI class: X.Org Video Driver, version 24.0
[    21.998] (II) LoadModule: "vesa"
[    21.999] (II) Loading /usr/lib/xorg/modules/drivers/vesa_drv.so
[    21.999] (II) Module vesa: vendor="X.Org Foundation"
[    21.999] 	compiled for 1.20.1, module version = 2.4.0
[    21.999] 	Module class: X.Org Video Driver
[    21.999] 	ABI class: X.Org Video Driver, version 24.0
[    21.999] (II) modesetting: Driver for Modesetting Kernel Drivers: kms
[    21.999] (II) FBDEV: driver for framebuffer: fbdev
[    22.000] (II) VESA: driver for VESA chipsets: vesa
[    22.000] xf86EnableIOPorts: failed to set IOPL for I/O (Operation not permitted)
[    22.000] (II) modeset(0): using drv /dev/dri/card1
[    22.000] (WW) Falling back to old probe method for fbdev
[    22.000] (II) Loading sub module "fbdevhw"
[    22.000] (II) LoadModule: "fbdevhw"
[    22.000] (II) Loading /usr/lib/xorg/modules/libfbdevhw.so
[    22.001] (II) Module fbdevhw: vendor="X.Org Foundation"
[    22.001] 	compiled for 1.20.5, module version = 0.0.2
[    22.001] 	ABI class: X.Org Video Driver, version 24.0
[    22.001] (EE) open /dev/fb0: Permission denied
[    22.001] (II) modeset(G0): using drv /dev/dri/card0
[    22.001] (WW) VGA arbiter: cannot open kernel arbiter, no multi-card support
[    22.001] (II) modeset(0): Creating default Display subsection in Screen section
	"Default Screen Section" for depth/fbbpp 24/32
[    22.001] (==) modeset(0): Depth 24, (==) framebuffer bpp 32
[    22.001] (==) modeset(0): RGB weight 888
[    22.001] (==) modeset(0): Default visual is TrueColor
[    22.001] (II) Loading sub module "glamoregl"
[    22.001] (II) LoadModule: "glamoregl"
[    22.001] (II) Loading /usr/lib/xorg/modules/libglamoregl.so
[    22.051] (II) Module glamoregl: vendor="X.Org Foundation"
[    22.051] 	compiled for 1.20.5, module version = 1.0.1
[    22.051] 	ABI class: X.Org ANSI C Emulation, version 0.4
[    22.476] (II) modeset(0): glamor X acceleration enabled on Mesa DRI Intel(R) HD Graphics 530 (Skylake GT2) 
[    22.476] (II) modeset(0): glamor initialized
[    22.478] (II) modeset(0): Output eDP-1 has no monitor section
[    22.481] (II) modeset(0): Output HDMI-1 has no monitor section
[    22.483] (II) modeset(0): EDID for output eDP-1
[    22.483] (II) modeset(0): Manufacturer: BOE  Model: 62f  Serial#: 0
[    22.483] (II) modeset(0): Year: 2015  Week: 1
[    22.483] (II) modeset(0): EDID Version: 1.4
[    22.483] (II) modeset(0): Digital Display Input
[    22.483] (II) modeset(0): 6 bits per channel
[    22.483] (II) modeset(0): Digital interface is DisplayPort
[    22.483] (II) modeset(0): Max Image Size [cm]: horiz.: 34  vert.: 19
[    22.483] (II) modeset(0): Gamma: 2.20
[    22.483] (II) modeset(0): No DPMS capabilities specified
[    22.483] (II) modeset(0): Supported color encodings: RGB 4:4:4 YCrCb 4:4:4 
[    22.483] (II) modeset(0): First detailed timing is preferred mode
[    22.483] (II) modeset(0): Preferred mode is native pixel format and refresh rate
[    22.483] (II) modeset(0): redX: 0.590 redY: 0.350   greenX: 0.329 greenY: 0.555
[    22.483] (II) modeset(0): blueX: 0.152 blueY: 0.118   whiteX: 0.312 whiteY: 0.328
[    22.483] (II) modeset(0): Manufacturer's mask: 0
[    22.483] (II) modeset(0): Supported detailed timing:
[    22.483] (II) modeset(0): clock: 141.4 MHz   Image Size:  344 x 194 mm
[    22.483] (II) modeset(0): h_active: 1920  h_sync: 1968  h_sync_end 2000 h_blank_end 2142 h_border: 0
[    22.483] (II) modeset(0): v_active: 1080  v_sync: 1083  v_sync_end 1089 v_blanking: 1100 v_border: 0
[    22.483] (II) modeset(0): Supported detailed timing:
[    22.483] (II) modeset(0): clock: 113.1 MHz   Image Size:  344 x 194 mm
[    22.483] (II) modeset(0): h_active: 1920  h_sync: 1968  h_sync_end 2000 h_blank_end 2142 h_border: 0
[    22.484] (II) modeset(0): v_active: 1080  v_sync: 1083  v_sync_end 1089 v_blanking: 1100 v_border: 0
[    22.484] (II) modeset(0):  YHDGT€NV15N41
[    22.484] (II) modeset(0): Unknown vendor-specific block 0
[    22.484] (II) modeset(0): EDID (in hex):
[    22.484] (II) modeset(0): 	00ffffffffffff0009e52f0600000000
[    22.484] (II) modeset(0): 	01190104952213780a24109759548e27
[    22.484] (II) modeset(0): 	1e505400000001010101010101010101
[    22.484] (II) modeset(0): 	0101010101013c3780de703814403020
[    22.484] (II) modeset(0): 	360058c21000001a302c80de70381440
[    22.484] (II) modeset(0): 	3020360058c21000001a000000fe0059
[    22.484] (II) modeset(0): 	48444754804e5631354e343100000000
[    22.484] (II) modeset(0): 	0000411196000000000a010a2020006a
[    22.484] (II) modeset(0): Printing probed modes for output eDP-1
[    22.484] (II) modeset(0): Modeline "1920x1080"x60.0  141.40  1920 1968 2000 2142  1080 1083 1089 1100 +hsync -vsync (66.0 kHz eP)
[    22.484] (II) modeset(0): Modeline "1920x1080"x120.0  356.38  1920 2080 2288 2656  1080 1081 1084 1118 doublescan -hsync +vsync (134.2 kHz d)
[    22.485] (II) modeset(0): Modeline "1920x1080"x119.9  266.50  1920 1944 1960 2000  1080 1081 1084 1111 doublescan +hsync -vsync (133.2 kHz d)
[    22.485] (II) modeset(0): Modeline "1920x1080"x60.0  173.00  1920 2048 2248 2576  1080 1083 1088 1120 -hsync +vsync (67.2 kHz d)
[    22.485] (II) modeset(0): Modeline "1920x1080"x59.9  138.50  1920 1968 2000 2080  1080 1083 1088 1111 +hsync -vsync (66.6 kHz d)
[    22.485] (II) modeset(0): Modeline "1920x1080"x48.0  113.12  1920 1968 2000 2142  1080 1083 1089 1100 +hsync -vsync (52.8 kHz e)
[    22.485] (II) modeset(0): Modeline "1680x1050"x60.0  146.25  1680 1784 1960 2240  1050 1053 1059 1089 -hsync +vsync (65.3 kHz d)
[    22.485] (II) modeset(0): Modeline "1680x1050"x59.9  119.00  1680 1728 1760 1840  1050 1053 1059 1080 +hsync -vsync (64.7 kHz d)
[    22.485] (II) modeset(0): Modeline "1600x1024"x60.2  103.12  1600 1600 1656 1664  1024 1024 1029 1030 +hsync +vsync (62.0 kHz d)
[    22.485] (II) modeset(0): Modeline "1400x1050"x60.0  122.00  1400 1488 1640 1880  1050 1052 1064 1082 +hsync +vsync (64.9 kHz d)
[    22.485] (II) modeset(0): Modeline "1600x900"x120.0  246.00  1600 1728 1900 2200  900 901 904 932 doublescan -hsync +vsync (111.8 kHz d)
[    22.485] (II) modeset(0): Modeline "1600x900"x119.9  186.50  1600 1624 1640 1680  900 901 904 926 doublescan +hsync -vsync (111.0 kHz d)
[    22.485] (II) modeset(0): Modeline "1600x900"x59.9  118.25  1600 1696 1856 2112  900 903 908 934 -hsync +vsync (56.0 kHz d)
[    22.485] (II) modeset(0): Modeline "1600x900"x59.8   97.50  1600 1648 1680 1760  900 903 908 926 +hsync -vsync (55.4 kHz d)
[    22.485] (II) modeset(0): Modeline "1280x1024"x60.0  108.00  1280 1328 1440 1688  1024 1025 1028 1066 +hsync +vsync (64.0 kHz d)
[    22.485] (II) modeset(0): Modeline "1440x900"x59.9  106.50  1440 1520 1672 1904  900 903 909 934 -hsync +vsync (55.9 kHz d)
[    22.485] (II) modeset(0): Modeline "1400x900"x60.0  103.50  1400 1480 1624 1848  900 903 913 934 -hsync +vsync (56.0 kHz d)
[    22.485] (II) modeset(0): Modeline "1400x900"x59.9   86.50  1400 1448 1480 1560  900 903 913 926 +hsync -vsync (55.4 kHz d)
[    22.485] (II) modeset(0): Modeline "1280x960"x60.0  108.00  1280 1376 1488 1800  960 961 964 1000 +hsync +vsync (60.0 kHz d)
[    22.485] (II) modeset(0): Modeline "1440x810"x120.0  198.12  1440 1548 1704 1968  810 811 814 839 doublescan -hsync +vsync (100.7 kHz d)
[    22.485] (II) modeset(0): Modeline "1440x810"x119.9  151.88  1440 1464 1480 1520  810 811 814 833 doublescan +hsync -vsync (99.9 kHz d)
[    22.485] (II) modeset(0): Modeline "1368x768"x59.9   85.25  1368 1440 1576 1784  768 771 781 798 -hsync +vsync (47.8 kHz d)
[    22.485] (II) modeset(0): Modeline "1368x768"x59.9   72.25  1368 1416 1448 1528  768 771 781 790 +hsync -vsync (47.3 kHz d)
[    22.485] (II) modeset(0): Modeline "1360x768"x59.8   84.75  1360 1432 1568 1776  768 771 781 798 -hsync +vsync (47.7 kHz d)
[    22.485] (II) modeset(0): Modeline "1360x768"x60.0   72.00  1360 1408 1440 1520  768 771 781 790 +hsync -vsync (47.4 kHz d)
[    22.485] (II) modeset(0): Modeline "1280x800"x120.0  174.25  1280 1380 1516 1752  800 801 804 829 doublescan -hsync +vsync (99.5 kHz d)
[    22.485] (II) modeset(0): Modeline "1280x800"x119.9  134.25  1280 1304 1320 1360  800 801 804 823 doublescan +hsync -vsync (98.7 kHz d)
[    22.485] (II) modeset(0): Modeline "1280x800"x59.8   83.50  1280 1352 1480 1680  800 803 809 831 -hsync +vsync (49.7 kHz d)
[    22.485] (II) modeset(0): Modeline "1280x800"x59.9   71.00  1280 1328 1360 1440  800 803 809 823 +hsync -vsync (49.3 kHz d)
[    22.485] (II) modeset(0): Modeline "1152x864"x60.0   81.62  1152 1216 1336 1520  864 865 868 895 -hsync +vsync (53.7 kHz d)
[    22.485] (II) modeset(0): Modeline "1280x720"x120.0  156.12  1280 1376 1512 1744  720 721 724 746 doublescan -hsync +vsync (89.5 kHz d)
[    22.485] (II) modeset(0): Modeline "1280x720"x120.0  120.75  1280 1304 1320 1360  720 721 724 740 doublescan +hsync -vsync (88.8 kHz d)
[    22.485] (II) modeset(0): Modeline "1280x720"x59.9   74.50  1280 1344 1472 1664  720 723 728 748 -hsync +vsync (44.8 kHz d)
[    22.485] (II) modeset(0): Modeline "1280x720"x59.7   63.75  1280 1328 1360 1440  720 723 728 741 +hsync -vsync (44.3 kHz d)
[    22.485] (II) modeset(0): Modeline "1024x768"x120.1  133.47  1024 1100 1212 1400  768 768 770 794 doublescan -hsync +vsync (95.3 kHz d)
[    22.485] (II) modeset(0): Modeline "1024x768"x60.0   65.00  1024 1048 1184 1344  768 771 777 806 -hsync -vsync (48.4 kHz d)
[    22.485] (II) modeset(0): Modeline "960x720"x120.0  117.00  960 1024 1128 1300  720 720 722 750 doublescan -hsync +vsync (90.0 kHz d)
[    22.485] (II) modeset(0): Modeline "928x696"x120.1  109.15  928 976 1088 1264  696 696 698 719 doublescan -hsync +vsync (86.4 kHz d)
[    22.485] (II) modeset(0): Modeline "896x672"x120.0  102.40  896 960 1060 1224  672 672 674 697 doublescan -hsync +vsync (83.7 kHz d)
[    22.486] (II) modeset(0): Modeline "1024x576"x119.9   98.50  1024 1092 1200 1376  576 577 580 597 doublescan -hsync +vsync (71.6 kHz d)
[    22.486] (II) modeset(0): Modeline "1024x576"x119.9   78.38  1024 1048 1064 1104  576 577 580 592 doublescan +hsync -vsync (71.0 kHz d)
[    22.486] (II) modeset(0): Modeline "1024x576"x59.9   46.50  1024 1064 1160 1296  576 579 584 599 -hsync +vsync (35.9 kHz d)
[    22.486] (II) modeset(0): Modeline "1024x576"x59.8   42.00  1024 1072 1104 1184  576 579 584 593 +hsync -vsync (35.5 kHz d)
[    22.486] (II) modeset(0): Modeline "960x600"x119.9   96.62  960 1028 1128 1296  600 601 604 622 doublescan -hsync +vsync (74.6 kHz d)
[    22.486] (II) modeset(0): Modeline "960x600"x120.0   77.00  960 984 1000 1040  600 601 604 617 doublescan +hsync -vsync (74.0 kHz d)
[    22.486] (II) modeset(0): Modeline "960x540"x119.9   86.50  960 1024 1124 1288  540 541 544 560 doublescan -hsync +vsync (67.2 kHz d)
[    22.486] (II) modeset(0): Modeline "960x540"x120.0   69.25  960 984 1000 1040  540 541 544 555 doublescan +hsync -vsync (66.6 kHz d)
[    22.486] (II) modeset(0): Modeline "960x540"x59.6   40.75  960 992 1088 1216  540 543 548 562 -hsync +vsync (33.5 kHz d)
[    22.486] (II) modeset(0): Modeline "960x540"x59.8   37.25  960 1008 1040 1120  540 543 548 556 +hsync -vsync (33.3 kHz d)
[    22.486] (II) modeset(0): Modeline "800x600"x120.0   81.00  800 832 928 1080  600 600 602 625 doublescan +hsync +vsync (75.0 kHz d)
[    22.486] (II) modeset(0): Modeline "800x600"x60.3   40.00  800 840 968 1056  600 601 605 628 +hsync +vsync (37.9 kHz d)
[    22.486] (II) modeset(0): Modeline "800x600"x56.2   36.00  800 824 896 1024  600 601 603 625 +hsync +vsync (35.2 kHz d)
[    22.486] (II) modeset(0): Modeline "840x525"x120.0   73.12  840 892 980 1120  525 526 529 544 doublescan -hsync +vsync (65.3 kHz d)
[    22.486] (II) modeset(0): Modeline "840x525"x119.8   59.50  840 864 880 920  525 526 529 540 doublescan +hsync -vsync (64.7 kHz d)
[    22.486] (II) modeset(0): Modeline "864x486"x59.9   32.50  864 888 968 1072  486 489 494 506 -hsync +vsync (30.3 kHz d)
[    22.486] (II) modeset(0): Modeline "864x486"x59.6   30.50  864 912 944 1024  486 489 494 500 +hsync -vsync (29.8 kHz d)
[    22.486] (II) modeset(0): Modeline "800x512"x120.3   51.56  800 800 828 832  512 512 514 515 doublescan +hsync +vsync (62.0 kHz d)
[    22.486] (II) modeset(0): Modeline "700x525"x120.0   61.00  700 744 820 940  525 526 532 541 doublescan +hsync +vsync (64.9 kHz d)
[    22.486] (II) modeset(0): Modeline "800x450"x119.9   59.12  800 848 928 1056  450 451 454 467 doublescan -hsync +vsync (56.0 kHz d)
[    22.486] (II) modeset(0): Modeline "800x450"x119.6   48.75  800 824 840 880  450 451 454 463 doublescan +hsync -vsync (55.4 kHz d)
[    22.486] (II) modeset(0): Modeline "640x512"x120.0   54.00  640 664 720 844  512 512 514 533 doublescan +hsync +vsync (64.0 kHz d)
[    22.486] (II) modeset(0): Modeline "720x450"x119.8   53.25  720 760 836 952  450 451 454 467 doublescan -hsync +vsync (55.9 kHz d)
[    22.486] (II) modeset(0): Modeline "700x450"x119.9   51.75  700 740 812 924  450 451 456 467 doublescan -hsync +vsync (56.0 kHz d)
[    22.486] (II) modeset(0): Modeline "700x450"x119.8   43.25  700 724 740 780  450 451 456 463 doublescan +hsync -vsync (55.4 kHz d)
[    22.486] (II) modeset(0): Modeline "640x480"x120.0   54.00  640 688 744 900  480 480 482 500 doublescan +hsync +vsync (60.0 kHz d)
[    22.486] (II) modeset(0): Modeline "640x480"x59.9   25.18  640 656 752 800  480 490 492 525 -hsync -vsync (31.5 kHz d)
[    22.486] (II) modeset(0): Modeline "720x405"x59.5   22.50  720 744 808 896  405 408 413 422 -hsync +vsync (25.1 kHz d)
[    22.486] (II) modeset(0): Modeline "720x405"x59.0   21.75  720 768 800 880  405 408 413 419 +hsync -vsync (24.7 kHz d)
[    22.486] (II) modeset(0): Modeline "684x384"x119.8   42.62  684 720 788 892  384 385 390 399 doublescan -hsync +vsync (47.8 kHz d)
[    22.486] (II) modeset(0): Modeline "684x384"x119.7   36.12  684 708 724 764  384 385 390 395 doublescan +hsync -vsync (47.3 kHz d)
[    22.486] (II) modeset(0): Modeline "680x384"x119.6   42.38  680 716 784 888  384 385 390 399 doublescan -hsync +vsync (47.7 kHz d)
[    22.486] (II) modeset(0): Modeline "680x384"x119.9   36.00  680 704 720 760  384 385 390 395 doublescan +hsync -vsync (47.4 kHz d)
[    22.486] (II) modeset(0): Modeline "640x400"x119.8   41.75  640 676 740 840  400 401 404 415 doublescan -hsync +vsync (49.7 kHz d)
[    22.486] (II) modeset(0): Modeline "640x400"x120.0   35.50  640 664 680 720  400 401 404 411 doublescan +hsync -vsync (49.3 kHz d)
[    22.486] (II) modeset(0): Modeline "576x432"x120.1   40.81  576 608 668 760  432 432 434 447 doublescan -hsync +vsync (53.7 kHz d)
[    22.486] (II) modeset(0): Modeline "640x360"x119.7   37.25  640 672 736 832  360 361 364 374 doublescan -hsync +vsync (44.8 kHz d)
[    22.486] (II) modeset(0): Modeline "640x360"x119.7   31.88  640 664 680 720  360 361 364 370 doublescan +hsync -vsync (44.3 kHz d)
[    22.486] (II) modeset(0): Modeline "640x360"x59.8   18.00  640 664 720 800  360 363 368 376 -hsync +vsync (22.5 kHz d)
[    22.487] (II) modeset(0): Modeline "640x360"x59.3   17.75  640 688 720 800  360 363 368 374 +hsync -vsync (22.2 kHz d)
[    22.487] (II) modeset(0): Modeline "512x384"x120.0   32.50  512 524 592 672  384 385 388 403 doublescan -hsync -vsync (48.4 kHz d)
[    22.487] (II) modeset(0): Modeline "512x288"x120.0   23.25  512 532 580 648  288 289 292 299 doublescan -hsync +vsync (35.9 kHz d)
[    22.487] (II) modeset(0): Modeline "512x288"x119.8   21.00  512 536 552 592  288 289 292 296 doublescan +hsync -vsync (35.5 kHz d)
[    22.487] (II) modeset(0): Modeline "480x270"x119.3   20.38  480 496 544 608  270 271 274 281 doublescan -hsync +vsync (33.5 kHz d)
[    22.487] (II) modeset(0): Modeline "480x270"x119.6   18.62  480 504 520 560  270 271 274 278 doublescan +hsync -vsync (33.3 kHz d)
[    22.487] (II) modeset(0): Modeline "400x300"x120.6   20.00  400 420 484 528  300 300 302 314 doublescan +hsync +vsync (37.9 kHz d)
[    22.487] (II) modeset(0): Modeline "400x300"x112.7   18.00  400 412 448 512  300 300 301 312 doublescan +hsync +vsync (35.2 kHz d)
[    22.487] (II) modeset(0): Modeline "432x243"x119.8   16.25  432 444 484 536  243 244 247 253 doublescan -hsync +vsync (30.3 kHz d)
[    22.487] (II) modeset(0): Modeline "432x243"x119.1   15.25  432 456 472 512  243 244 247 250 doublescan +hsync -vsync (29.8 kHz d)
[    22.487] (II) modeset(0): Modeline "320x240"x120.1   12.59  320 328 376 400  240 245 246 262 doublescan -hsync -vsync (31.5 kHz d)
[    22.487] (II) modeset(0): Modeline "360x202"x119.0   11.25  360 372 404 448  202 204 206 211 doublescan -hsync +vsync (25.1 kHz d)
[    22.487] (II) modeset(0): Modeline "360x202"x118.3   10.88  360 384 400 440  202 204 206 209 doublescan +hsync -vsync (24.7 kHz d)
[    22.487] (II) modeset(0): Modeline "320x180"x119.7    9.00  320 332 360 400  180 181 184 188 doublescan -hsync +vsync (22.5 kHz d)
[    22.487] (II) modeset(0): Modeline "320x180"x118.6    8.88  320 344 360 400  180 181 184 187 doublescan +hsync -vsync (22.2 kHz d)
[    22.490] (II) modeset(0): EDID for output HDMI-1
[    22.490] (II) modeset(0): Output eDP-1 connected
[    22.490] (II) modeset(0): Output HDMI-1 disconnected
[    22.491] (II) modeset(0): Using exact sizes for initial modes
[    22.491] (II) modeset(0): Output eDP-1 using initial mode 1920x1080 +0+0
[    22.491] (==) modeset(0): Using gamma correction (1.0, 1.0, 1.0)
[    22.491] (==) modeset(0): DPI set to (96, 96)
[    22.491] (II) Loading sub module "fb"
[    22.491] (II) LoadModule: "fb"
[    22.491] (II) Loading /usr/lib/xorg/modules/libfb.so
[    22.499] (II) Module fb: vendor="X.Org Foundation"
[    22.499] 	compiled for 1.20.5, module version = 1.0.0
[    22.499] 	ABI class: X.Org ANSI C Emulation, version 0.4
[    22.499] (==) modeset(G0): Depth 24, (==) framebuffer bpp 32
[    22.499] (==) modeset(G0): RGB weight 888
[    22.499] (==) modeset(G0): Default visual is TrueColor
[    22.500] (II) Loading sub module "glamoregl"
[    22.500] (II) LoadModule: "glamoregl"
[    22.500] (II) Loading /usr/lib/xorg/modules/libglamoregl.so
[    22.500] (II) Module glamoregl: vendor="X.Org Foundation"
[    22.500] 	compiled for 1.20.5, module version = 1.0.1
[    22.500] 	ABI class: X.Org ANSI C Emulation, version 0.4
[    23.559] (II) modeset(G0): glamor X acceleration enabled on NV117
[    23.559] (II) modeset(G0): glamor initialized
[    23.559] (==) modeset(G0): Using gamma correction (1.0, 1.0, 1.0)
[    23.559] (==) modeset(G0): DPI set to (96, 96)
[    23.559] (II) Loading sub module "fb"
[    23.559] (II) LoadModule: "fb"
[    23.560] (II) Loading /usr/lib/xorg/modules/libfb.so
[    23.560] (II) Module fb: vendor="X.Org Foundation"
[    23.560] 	compiled for 1.20.5, module version = 1.0.0
[    23.560] 	ABI class: X.Org ANSI C Emulation, version 0.4
[    23.560] (II) UnloadModule: "fbdev"
[    23.560] (II) Unloading fbdev
[    23.560] (II) UnloadSubModule: "fbdevhw"
[    23.560] (II) Unloading fbdevhw
[    23.560] (II) UnloadModule: "vesa"
[    23.560] (II) Unloading vesa
[    23.709] (==) modeset(G0): Backing store enabled
[    23.709] (==) modeset(G0): Silken mouse enabled
[    23.723] (II) modeset(G0): Initializing kms color map for depth 24, 8 bpc.
[    23.723] (==) modeset(G0): DPMS enabled
[    23.724] (II) modeset(G0): [DRI2] Setup complete
[    23.724] (II) modeset(G0): [DRI2]   DRI driver: nouveau
[    23.724] (II) modeset(G0): [DRI2]   VDPAU driver: nouveau
[    23.838] (==) modeset(0): Backing store enabled
[    23.838] (==) modeset(0): Silken mouse enabled
[    23.900] (II) modeset(0): Initializing kms color map for depth 24, 8 bpc.
[    23.900] (==) modeset(0): DPMS enabled
[    23.902] (II) modeset(0): [DRI2] Setup complete
[    23.902] (II) modeset(0): [DRI2]   DRI driver: i965
[    23.902] (II) modeset(0): [DRI2]   VDPAU driver: va_gl
[    23.902] (II) Initializing extension Generic Event Extension
[    23.902] (II) Initializing extension SHAPE
[    23.903] (II) Initializing extension MIT-SHM
[    23.903] (II) Initializing extension XInputExtension
[    23.904] (II) Initializing extension XTEST
[    23.904] (II) Initializing extension BIG-REQUESTS
[    23.904] (II) Initializing extension SYNC
[    23.905] (II) Initializing extension XKEYBOARD
[    23.905] (II) Initializing extension XC-MISC
[    23.905] (II) Initializing extension SECURITY
[    23.906] (II) Initializing extension XFIXES
[    23.906] (II) Initializing extension RENDER
[    23.906] (II) Initializing extension RANDR
[    23.907] (II) Initializing extension COMPOSITE
[    23.907] (II) Initializing extension DAMAGE
[    23.908] (II) Initializing extension MIT-SCREEN-SAVER
[    23.908] (II) Initializing extension DOUBLE-BUFFER
[    23.908] (II) Initializing extension RECORD
[    23.909] (II) Initializing extension DPMS
[    23.909] (II) Initializing extension Present
[    23.909] (II) Initializing extension DRI3
[    23.910] (II) Initializing extension X-Resource
[    23.910] (II) Initializing extension XVideo
[    23.910] (II) Initializing extension XVideo-MotionCompensation
[    23.910] (II) Initializing extension SELinux
[    23.910] (II) SELinux: Disabled on system
[    23.910] (II) Initializing extension GLX
[    23.926] (II) AIGLX: Loaded and initialized i965
[    23.926] (II) GLX: Initialized DRI2 GL provider for screen 0
[    23.926] (II) Initializing extension XFree86-VidModeExtension
[    23.927] (II) Initializing extension XFree86-DGA
[    23.927] (II) Initializing extension XFree86-DRI
[    23.927] (II) Initializing extension DRI2
[    23.948] (II) modeset(G0): Damage tracking initialized
[    24.057] (II) modeset(0): Damage tracking initialized
[    24.057] (II) modeset(0): Setting screen physical size to 508 x 285
[    24.512] (II) config/udev: Adding input device Power Button (/dev/input/event3)
[    24.512] (**) Power Button: Applying InputClass "libinput keyboard catchall"
[    24.512] (II) LoadModule: "libinput"
[    24.512] (II) Loading /usr/lib/xorg/modules/input/libinput_drv.so
[    24.537] (II) Module libinput: vendor="X.Org Foundation"
[    24.537] 	compiled for 1.20.1, module version = 0.28.1
[    24.537] 	Module class: X.Org XInput Driver
[    24.537] 	ABI class: X.Org XInput driver, version 24.1
[    24.537] (II) Using input driver 'libinput' for 'Power Button'
[    24.538] (II) systemd-logind: got fd for /dev/input/event3 13:67 fd 26 paused 0
[    24.538] (**) Power Button: always reports core events
[    24.538] (**) Option "Device" "/dev/input/event3"
[    24.538] (**) Option "_source" "server/udev"
[    24.539] (II) event3  - Power Button: is tagged by udev as: Keyboard
[    24.539] (II) event3  - Power Button: device is a keyboard
[    24.539] (II) event3  - Power Button: device removed
[    24.539] (**) Option "config_info" "udev:/sys/devices/LNXSYSTM:00/LNXPWRBN:00/input/input3/event3"
[    24.539] (II) XINPUT: Adding extended input device "Power Button" (type: KEYBOARD, id 6)
[    24.539] (**) Option "xkb_model" "pc105"
[    24.539] (**) Option "xkb_layout" "tr"
[    24.567] (II) event3  - Power Button: is tagged by udev as: Keyboard
[    24.567] (II) event3  - Power Button: device is a keyboard
[    24.568] (II) config/udev: Adding input device Video Bus (/dev/input/event11)
[    24.568] (**) Video Bus: Applying InputClass "libinput keyboard catchall"
[    24.568] (II) Using input driver 'libinput' for 'Video Bus'
[    24.568] (II) systemd-logind: got fd for /dev/input/event11 13:75 fd 29 paused 0
[    24.568] (**) Video Bus: always reports core events
[    24.568] (**) Option "Device" "/dev/input/event11"
[    24.568] (**) Option "_source" "server/udev"
[    24.569] (II) event11 - Video Bus: is tagged by udev as: Keyboard
[    24.569] (II) event11 - Video Bus: device is a keyboard
[    24.569] (II) event11 - Video Bus: device removed
[    24.569] (**) Option "config_info" "udev:/sys/devices/LNXSYSTM:00/LNXSYBUS:00/PNP0A08:00/LNXVIDEO:00/input/input14/event11"
[    24.569] (II) XINPUT: Adding extended input device "Video Bus" (type: KEYBOARD, id 7)
[    24.569] (**) Option "xkb_model" "pc105"
[    24.569] (**) Option "xkb_layout" "tr"
[    24.570] (II) event11 - Video Bus: is tagged by udev as: Keyboard
[    24.570] (II) event11 - Video Bus: device is a keyboard
[    24.570] (II) config/udev: Adding input device Video Bus (/dev/input/event9)
[    24.570] (**) Video Bus: Applying InputClass "libinput keyboard catchall"
[    24.570] (II) Using input driver 'libinput' for 'Video Bus'
[    24.571] (II) systemd-logind: got fd for /dev/input/event9 13:73 fd 30 paused 0
[    24.571] (**) Video Bus: always reports core events
[    24.571] (**) Option "Device" "/dev/input/event9"
[    24.571] (**) Option "_source" "server/udev"
[    24.571] (II) event9  - Video Bus: is tagged by udev as: Keyboard
[    24.571] (II) event9  - Video Bus: device is a keyboard
[    24.571] (II) event9  - Video Bus: device removed
[    24.571] (**) Option "config_info" "udev:/sys/devices/LNXSYSTM:00/LNXSYBUS:00/PNP0A08:00/device:3f/LNXVIDEO:01/input/input15/event9"
[    24.571] (II) XINPUT: Adding extended input device "Video Bus" (type: KEYBOARD, id 8)
[    24.571] (**) Option "xkb_model" "pc105"
[    24.571] (**) Option "xkb_layout" "tr"
[    24.572] (II) event9  - Video Bus: is tagged by udev as: Keyboard
[    24.572] (II) event9  - Video Bus: device is a keyboard
[    24.573] (II) config/udev: Adding input device Power Button (/dev/input/event1)
[    24.573] (**) Power Button: Applying InputClass "libinput keyboard catchall"
[    24.573] (II) Using input driver 'libinput' for 'Power Button'
[    24.573] (II) systemd-logind: got fd for /dev/input/event1 13:65 fd 31 paused 0
[    24.573] (**) Power Button: always reports core events
[    24.573] (**) Option "Device" "/dev/input/event1"
[    24.573] (**) Option "_source" "server/udev"
[    24.574] (II) event1  - Power Button: is tagged by udev as: Keyboard
[    24.574] (II) event1  - Power Button: device is a keyboard
[    24.574] (II) event1  - Power Button: device removed
[    24.574] (**) Option "config_info" "udev:/sys/devices/LNXSYSTM:00/LNXSYBUS:00/PNP0C0C:00/input/input1/event1"
[    24.574] (II) XINPUT: Adding extended input device "Power Button" (type: KEYBOARD, id 9)
[    24.574] (**) Option "xkb_model" "pc105"
[    24.574] (**) Option "xkb_layout" "tr"
[    24.575] (II) event1  - Power Button: is tagged by udev as: Keyboard
[    24.575] (II) event1  - Power Button: device is a keyboard
[    24.575] (II) config/udev: Adding input device Lid Switch (/dev/input/event2)
[    24.575] (II) No input driver specified, ignoring this device.
[    24.575] (II) This device may have been added with another device file.
[    24.576] (II) config/udev: Adding input device Sleep Button (/dev/input/event0)
[    24.576] (**) Sleep Button: Applying InputClass "libinput keyboard catchall"
[    24.576] (II) Using input driver 'libinput' for 'Sleep Button'
[    24.576] (II) systemd-logind: got fd for /dev/input/event0 13:64 fd 32 paused 0
[    24.576] (**) Sleep Button: always reports core events
[    24.576] (**) Option "Device" "/dev/input/event0"
[    24.576] (**) Option "_source" "server/udev"
[    24.577] (II) event0  - Sleep Button: is tagged by udev as: Keyboard
[    24.577] (II) event0  - Sleep Button: device is a keyboard
[    24.577] (II) event0  - Sleep Button: device removed
[    24.577] (**) Option "config_info" "udev:/sys/devices/LNXSYSTM:00/LNXSYBUS:00/PNP0C0E:00/input/input0/event0"
[    24.577] (II) XINPUT: Adding extended input device "Sleep Button" (type: KEYBOARD, id 10)
[    24.577] (**) Option "xkb_model" "pc105"
[    24.577] (**) Option "xkb_layout" "tr"
[    24.578] (II) event0  - Sleep Button: is tagged by udev as: Keyboard
[    24.578] (II) event0  - Sleep Button: device is a keyboard
[    24.579] (II) config/udev: Adding input device Logitech USB Optical Mouse (/dev/input/event6)
[    24.579] (**) Logitech USB Optical Mouse: Applying InputClass "libinput pointer catchall"
[    24.579] (II) Using input driver 'libinput' for 'Logitech USB Optical Mouse'
[    24.579] (II) systemd-logind: got fd for /dev/input/event6 13:70 fd 33 paused 0
[    24.579] (**) Logitech USB Optical Mouse: always reports core events
[    24.579] (**) Option "Device" "/dev/input/event6"
[    24.579] (**) Option "_source" "server/udev"
[    24.580] (II) event6  - Logitech USB Optical Mouse: is tagged by udev as: Mouse
[    24.580] (II) event6  - Logitech USB Optical Mouse: device is a pointer
[    24.580] (II) event6  - Logitech USB Optical Mouse: device removed
[    24.580] (**) Option "config_info" "udev:/sys/devices/pci0000:00/0000:00:14.0/usb1/1-1/1-1:1.0/0003:046D:C077.0001/input/input8/event6"
[    24.580] (II) XINPUT: Adding extended input device "Logitech USB Optical Mouse" (type: MOUSE, id 11)
[    24.580] (**) Option "AccelerationScheme" "none"
[    24.580] (**) Logitech USB Optical Mouse: (accel) selected scheme none/0
[    24.580] (**) Logitech USB Optical Mouse: (accel) acceleration factor: 2.000
[    24.580] (**) Logitech USB Optical Mouse: (accel) acceleration threshold: 4
[    24.581] (II) event6  - Logitech USB Optical Mouse: is tagged by udev as: Mouse
[    24.581] (II) event6  - Logitech USB Optical Mouse: device is a pointer
[    24.582] (II) config/udev: Adding input device Logitech USB Optical Mouse (/dev/input/mouse1)
[    24.582] (II) No input driver specified, ignoring this device.
[    24.582] (II) This device may have been added with another device file.
[    24.582] (II) config/udev: Adding input device Integrated_Webcam_HD: Integrate (/dev/input/event8)
[    24.582] (**) Integrated_Webcam_HD: Integrate: Applying InputClass "libinput keyboard catchall"
[    24.582] (II) Using input driver 'libinput' for 'Integrated_Webcam_HD: Integrate'
[    24.583] (II) systemd-logind: got fd for /dev/input/event8 13:72 fd 34 paused 0
[    24.583] (**) Integrated_Webcam_HD: Integrate: always reports core events
[    24.583] (**) Option "Device" "/dev/input/event8"
[    24.583] (**) Option "_source" "server/udev"
[    24.583] (II) event8  - Integrated_Webcam_HD: Integrate: is tagged by udev as: Keyboard
[    24.583] (II) event8  - Integrated_Webcam_HD: Integrate: device is a keyboard
[    24.583] (II) event8  - Integrated_Webcam_HD: Integrate: device removed
[    24.584] (**) Option "config_info" "udev:/sys/devices/pci0000:00/0000:00:14.0/usb1/1-4/1-4:1.0/input/input13/event8"
[    24.584] (II) XINPUT: Adding extended input device "Integrated_Webcam_HD: Integrate" (type: KEYBOARD, id 12)
[    24.584] (**) Option "xkb_model" "pc105"
[    24.584] (**) Option "xkb_layout" "tr"
[    24.584] (II) event8  - Integrated_Webcam_HD: Integrate: is tagged by udev as: Keyboard
[    24.584] (II) event8  - Integrated_Webcam_HD: Integrate: device is a keyboard
[    24.585] (II) config/udev: Adding input device ELAN1010:00 04F3:3012 Touchpad (/dev/input/event12)
[    24.585] (**) ELAN1010:00 04F3:3012 Touchpad: Applying InputClass "libinput touchpad catchall"
[    24.585] (II) Using input driver 'libinput' for 'ELAN1010:00 04F3:3012 Touchpad'
[    24.586] (II) systemd-logind: got fd for /dev/input/event12 13:76 fd 35 paused 0
[    24.586] (**) ELAN1010:00 04F3:3012 Touchpad: always reports core events
[    24.586] (**) Option "Device" "/dev/input/event12"
[    24.586] (**) Option "_source" "server/udev"
[    24.586] (II) event12 - ELAN1010:00 04F3:3012 Touchpad: is tagged by udev as: Touchpad
[    24.586] (II) event12 - ELAN1010:00 04F3:3012 Touchpad: device is a touchpad
[    24.586] (II) event12 - ELAN1010:00 04F3:3012 Touchpad: device removed
[    24.586] (**) Option "config_info" "udev:/sys/devices/pci0000:00/0000:00:15.0/i2c_designware.0/i2c-0/i2c-ELAN1010:00/0018:04F3:3012.0002/input/input17/event12"
[    24.586] (II) XINPUT: Adding extended input device "ELAN1010:00 04F3:3012 Touchpad" (type: TOUCHPAD, id 13)
[    24.587] (**) Option "AccelerationScheme" "none"
[    24.587] (**) ELAN1010:00 04F3:3012 Touchpad: (accel) selected scheme none/0
[    24.587] (**) ELAN1010:00 04F3:3012 Touchpad: (accel) acceleration factor: 2.000
[    24.587] (**) ELAN1010:00 04F3:3012 Touchpad: (accel) acceleration threshold: 4
[    24.587] (II) event12 - ELAN1010:00 04F3:3012 Touchpad: is tagged by udev as: Touchpad
[    24.587] (II) event12 - ELAN1010:00 04F3:3012 Touchpad: device is a touchpad
[    24.588] (II) config/udev: Adding input device ELAN1010:00 04F3:3012 Touchpad (/dev/input/mouse2)
[    24.588] (II) No input driver specified, ignoring this device.
[    24.588] (II) This device may have been added with another device file.
[    24.588] (II) config/udev: Adding input device HDA Intel PCH Headphone Mic (/dev/input/event13)
[    24.588] (II) No input driver specified, ignoring this device.
[    24.588] (II) This device may have been added with another device file.
[    24.588] (II) config/udev: Adding input device HDA Intel PCH HDMI/DP,pcm=3 (/dev/input/event14)
[    24.588] (II) No input driver specified, ignoring this device.
[    24.588] (II) This device may have been added with another device file.
[    24.589] (II) config/udev: Adding input device HDA Intel PCH HDMI/DP,pcm=7 (/dev/input/event15)
[    24.589] (II) No input driver specified, ignoring this device.
[    24.589] (II) This device may have been added with another device file.
[    24.589] (II) config/udev: Adding input device HDA Intel PCH HDMI/DP,pcm=8 (/dev/input/event16)
[    24.589] (II) No input driver specified, ignoring this device.
[    24.589] (II) This device may have been added with another device file.
[    24.589] (II) config/udev: Adding input device HDA Intel PCH HDMI/DP,pcm=9 (/dev/input/event17)
[    24.589] (II) No input driver specified, ignoring this device.
[    24.589] (II) This device may have been added with another device file.
[    24.590] (II) config/udev: Adding input device HDA Intel PCH HDMI/DP,pcm=10 (/dev/input/event18)
[    24.590] (II) No input driver specified, ignoring this device.
[    24.590] (II) This device may have been added with another device file.
[    24.590] (II) config/udev: Adding input device Dell WMI hotkeys (/dev/input/event10)
[    24.590] (**) Dell WMI hotkeys: Applying InputClass "libinput keyboard catchall"
[    24.590] (II) Using input driver 'libinput' for 'Dell WMI hotkeys'
[    24.591] (II) systemd-logind: got fd for /dev/input/event10 13:74 fd 36 paused 0
[    24.591] (**) Dell WMI hotkeys: always reports core events
[    24.591] (**) Option "Device" "/dev/input/event10"
[    24.591] (**) Option "_source" "server/udev"
[    24.592] (II) event10 - Dell WMI hotkeys: is tagged by udev as: Keyboard
[    24.592] (II) event10 - Dell WMI hotkeys: device is a keyboard
[    24.592] (II) event10 - Dell WMI hotkeys: device removed
[    24.592] (**) Option "config_info" "udev:/sys/devices/platform/PNP0C14:01/wmi_bus/wmi_bus-PNP0C14:01/9DBB5994-A997-11DA-B012-B622A1EF5492/input/input12/event10"
[    24.592] (II) XINPUT: Adding extended input device "Dell WMI hotkeys" (type: KEYBOARD, id 14)
[    24.592] (**) Option "xkb_model" "pc105"
[    24.592] (**) Option "xkb_layout" "tr"
[    24.592] (II) event10 - Dell WMI hotkeys: is tagged by udev as: Keyboard
[    24.593] (II) event10 - Dell WMI hotkeys: device is a keyboard
[    24.593] (II) config/udev: Adding input device AT Translated Set 2 keyboard (/dev/input/event4)
[    24.593] (**) AT Translated Set 2 keyboard: Applying InputClass "libinput keyboard catchall"
[    24.593] (II) Using input driver 'libinput' for 'AT Translated Set 2 keyboard'
[    24.594] (II) systemd-logind: got fd for /dev/input/event4 13:68 fd 37 paused 0
[    24.594] (**) AT Translated Set 2 keyboard: always reports core events
[    24.594] (**) Option "Device" "/dev/input/event4"
[    24.594] (**) Option "_source" "server/udev"
[    24.594] (II) event4  - AT Translated Set 2 keyboard: is tagged by udev as: Keyboard
[    24.594] (II) event4  - AT Translated Set 2 keyboard: device is a keyboard
[    24.594] (II) event4  - AT Translated Set 2 keyboard: device removed
[    24.595] (**) Option "config_info" "udev:/sys/devices/platform/i8042/serio0/input/input4/event4"
[    24.595] (II) XINPUT: Adding extended input device "AT Translated Set 2 keyboard" (type: KEYBOARD, id 15)
[    24.595] (**) Option "xkb_model" "pc105"
[    24.595] (**) Option "xkb_layout" "tr"
[    24.595] (II) event4  - AT Translated Set 2 keyboard: is tagged by udev as: Keyboard
[    24.595] (II) event4  - AT Translated Set 2 keyboard: device is a keyboard
[    24.596] (II) config/udev: Adding input device ETPS/2 Elantech Touchpad (/dev/input/event5)
[    24.596] (**) ETPS/2 Elantech Touchpad: Applying InputClass "libinput touchpad catchall"
[    24.596] (II) Using input driver 'libinput' for 'ETPS/2 Elantech Touchpad'
[    24.596] (II) systemd-logind: got fd for /dev/input/event5 13:69 fd 38 paused 0
[    24.596] (**) ETPS/2 Elantech Touchpad: always reports core events
[    24.597] (**) Option "Device" "/dev/input/event5"
[    24.597] (**) Option "_source" "server/udev"
[    24.597] (II) event5  - ETPS/2 Elantech Touchpad: is tagged by udev as: Touchpad
[    24.597] (II) event5  - ETPS/2 Elantech Touchpad: device is a touchpad
[    24.597] (II) event5  - ETPS/2 Elantech Touchpad: device removed
[    24.597] (**) Option "config_info" "udev:/sys/devices/platform/i8042/serio1/input/input7/event5"
[    24.597] (II) XINPUT: Adding extended input device "ETPS/2 Elantech Touchpad" (type: TOUCHPAD, id 16)
[    24.597] (**) Option "AccelerationScheme" "none"
[    24.597] (**) ETPS/2 Elantech Touchpad: (accel) selected scheme none/0
[    24.597] (**) ETPS/2 Elantech Touchpad: (accel) acceleration factor: 2.000
[    24.597] (**) ETPS/2 Elantech Touchpad: (accel) acceleration threshold: 4
[    24.598] (II) event5  - ETPS/2 Elantech Touchpad: is tagged by udev as: Touchpad
[    24.598] (II) event5  - ETPS/2 Elantech Touchpad: device is a touchpad
[    24.598] (II) config/udev: Adding input device ETPS/2 Elantech Touchpad (/dev/input/mouse0)
[    24.598] (II) No input driver specified, ignoring this device.
[    24.598] (II) This device may have been added with another device file.
[    24.601] (II) config/udev: Adding input device DELL Wireless hotkeys (/dev/input/event7)
[    24.601] (**) DELL Wireless hotkeys: Applying InputClass "libinput keyboard catchall"
[    24.601] (II) Using input driver 'libinput' for 'DELL Wireless hotkeys'
[    24.601] (II) systemd-logind: got fd for /dev/input/event7 13:71 fd 39 paused 0
[    24.601] (**) DELL Wireless hotkeys: always reports core events
[    24.601] (**) Option "Device" "/dev/input/event7"
[    24.601] (**) Option "_source" "server/udev"
[    24.602] (II) event7  - DELL Wireless hotkeys: is tagged by udev as: Keyboard
[    24.602] (II) event7  - DELL Wireless hotkeys: device is a keyboard
[    24.602] (II) event7  - DELL Wireless hotkeys: device removed
[    24.602] (**) Option "config_info" "udev:/sys/devices/virtual/input/input9/event7"
[    24.602] (II) XINPUT: Adding extended input device "DELL Wireless hotkeys" (type: KEYBOARD, id 17)
[    24.602] (**) Option "xkb_model" "pc105"
[    24.602] (**) Option "xkb_layout" "tr"
[    24.602] (II) event7  - DELL Wireless hotkeys: is tagged by udev as: Keyboard
[    24.602] (II) event7  - DELL Wireless hotkeys: device is a keyboard
[    27.551] (II) modeset(0): EDID vendor "BOE", prod id 1583
[    27.551] (II) modeset(0): Printing DDC gathered Modelines:
[    27.551] (II) modeset(0): Modeline "1920x1080"x0.0  141.40  1920 1968 2000 2142  1080 1083 1089 1100 +hsync -vsync (66.0 kHz eP)
[    27.551] (II) modeset(0): Modeline "1920x1080"x0.0  113.12  1920 1968 2000 2142  1080 1083 1089 1100 +hsync -vsync (52.8 kHz e)
